2018-11-08 14:35:32 MainProcess MainThread [service.py:53 load_tokenizer] INFO loading tokenizer...
2018-11-08 14:36:01 MainProcess MainThread [service.py:53 load_tokenizer] INFO loading tokenizer...
2018-11-08 14:36:03 MainProcess MainThread [service.py:60 load_tokenizer] INFO loaded tokenizer: Jieba
2018-11-08 14:36:03 MainProcess MainThread [service.py:70 load_word_bags] INFO loading word bag...
2018-11-08 14:36:03 MainProcess MainThread [service.py:76 load_word_bags] INFO loaded word bag: A
2018-11-08 14:36:03 MainProcess MainThread [service.py:76 load_word_bags] INFO loaded word bag: B
2018-11-08 14:36:12 MainProcess Thread-6 [service.py:159 check_worker_alive] INFO come in successfully.
2021-05-28 19:47:38 MainProcess MainThread [service.py:53 load_tokenizer] INFO loading tokenizer...
2021-05-28 19:47:40 MainProcess MainThread [service.py:60 load_tokenizer] INFO loaded tokenizer: Jieba
2021-05-28 19:47:40 MainProcess MainThread [service.py:71 load_word_bags] INFO loading word bag...
2021-05-28 19:53:50 MainProcess MainThread [service.py:54 load_tokenizer] INFO loading tokenizer...
2021-05-28 19:53:51 MainProcess MainThread [service.py:61 load_tokenizer] INFO loaded tokenizer: Jieba
2021-05-28 19:53:51 MainProcess MainThread [service.py:72 load_word_bags] INFO loading word bag...
2021-05-28 19:54:39 MainProcess MainThread [service.py:54 load_tokenizer] INFO loading tokenizer...
2021-05-28 19:54:40 MainProcess MainThread [service.py:61 load_tokenizer] INFO loaded tokenizer: Jieba
2021-05-28 19:54:40 MainProcess MainThread [service.py:72 load_word_bags] INFO loading word bag...
2021-05-28 19:54:40 MainProcess MainThread [service.py:76 load_word_bags] DEBUG name:A, content:{'狗年', '办公', '生活', '科技', '简单'}
2021-05-28 19:54:40 MainProcess MainThread [service.py:78 load_word_bags] INFO loaded word bag: A
2021-05-28 19:55:31 MainProcess MainThread [service.py:54 load_tokenizer] INFO loading tokenizer...
2021-05-28 19:55:34 MainProcess MainThread [service.py:61 load_tokenizer] INFO loaded tokenizer: Jieba
2021-05-28 19:55:34 MainProcess MainThread [service.py:72 load_word_bags] INFO loading word bag...
2021-05-28 19:55:34 MainProcess MainThread [service.py:76 load_word_bags] DEBUG name:A, content:{'办公', '科技', '生活', '简单', '狗年'}
2021-05-28 19:55:34 MainProcess MainThread [service.py:78 load_word_bags] INFO loaded word bag: A
2021-05-28 19:55:38 MainProcess Thread-2 [service.py:161 check_worker_alive] INFO come in successfully.
